09:47:59.938 [main] INFO  o.s.c.s.PostProcessorRegistrationDelegate$BeanPostProcessorChecker - Bean 'org.springframework.cloud.autoconfigure.ConfigurationPropertiesRebinderAutoConfiguration' of type [org.springframework.cloud.autoconfigure.ConfigurationPropertiesRebinderAutoConfiguration$$EnhancerBySpringCGLIB$$d5f574a4] is not eligible for getting processed by all BeanPostProcessors (for example: not eligible for auto-proxying) 
09:48:00.073 [main] INFO  com.hotelMS.HotelMSApplication - The following profiles are active: dev 
09:48:00.799 [main] INFO  o.s.d.r.c.RepositoryConfigurationDelegate - Bootstrapping Spring Data repositories in DEFAULT mode. 
09:48:00.884 [main] INFO  o.s.d.r.c.RepositoryConfigurationDelegate - Finished Spring Data repository scanning in 82ms. Found 5 repository interfaces. 
09:48:01.037 [main] INFO  o.s.c.context.scope.GenericScope - BeanFactory id=ae3d95ee-d094-3028-91ff-536aca2f6150 
09:48:01.113 [main] INFO  o.s.c.s.PostProcessorRegistrationDelegate$BeanPostProcessorChecker - Bean 'org.springframework.transaction.annotation.ProxyTransactionManagementConfiguration' of type [org.springframework.transaction.annotation.ProxyTransactionManagementConfiguration$$EnhancerBySpringCGLIB$$b9db71a7] is not eligible for getting processed by all BeanPostProcessors (for example: not eligible for auto-proxying) 
09:48:01.134 [main] INFO  o.s.c.s.PostProcessorRegistrationDelegate$BeanPostProcessorChecker - Bean 'org.springframework.security.config.annotation.configuration.ObjectPostProcessorConfiguration' of type [org.springframework.security.config.annotation.configuration.ObjectPostProcessorConfiguration$$EnhancerBySpringCGLIB$$528939e1] is not eligible for getting processed by all BeanPostProcessors (for example: not eligible for auto-proxying) 
09:48:01.138 [main] INFO  o.s.c.s.PostProcessorRegistrationDelegate$BeanPostProcessorChecker - Bean 'objectPostProcessor' of type [org.springframework.security.config.annotation.configuration.AutowireBeanFactoryObjectPostProcessor] is not eligible for getting processed by all BeanPostProcessors (for example: not eligible for auto-proxying) 
09:48:01.139 [main] INFO  o.s.c.s.PostProcessorRegistrationDelegate$BeanPostProcessorChecker - Bean 'org.springframework.security.access.expression.method.DefaultMethodSecurityExpressionHandler@794f11cd' of type [org.springframework.security.access.expression.method.DefaultMethodSecurityExpressionHandler] is not eligible for getting processed by all BeanPostProcessors (for example: not eligible for auto-proxying) 
09:48:01.143 [main] INFO  o.s.c.s.PostProcessorRegistrationDelegate$BeanPostProcessorChecker - Bean 'org.springframework.security.config.annotation.method.configuration.GlobalMethodSecurityConfiguration' of type [org.springframework.security.config.annotation.method.configuration.GlobalMethodSecurityConfiguration$$EnhancerBySpringCGLIB$$775ddc93] is not eligible for getting processed by all BeanPostProcessors (for example: not eligible for auto-proxying) 
09:48:01.145 [main] INFO  o.s.c.s.PostProcessorRegistrationDelegate$BeanPostProcessorChecker - Bean 'methodSecurityMetadataSource' of type [org.springframework.security.access.method.DelegatingMethodSecurityMetadataSource] is not eligible for getting processed by all BeanPostProcessors (for example: not eligible for auto-proxying) 
09:48:01.156 [main] INFO  o.s.c.s.PostProcessorRegistrationDelegate$BeanPostProcessorChecker - Bean 'org.springframework.cloud.autoconfigure.ConfigurationPropertiesRebinderAutoConfiguration' of type [org.springframework.cloud.autoconfigure.ConfigurationPropertiesRebinderAutoConfiguration$$EnhancerBySpringCGLIB$$d5f574a4] is not eligible for getting processed by all BeanPostProcessors (for example: not eligible for auto-proxying) 
09:48:01.472 [main] INFO  o.s.b.w.e.tomcat.TomcatWebServer - Tomcat initialized with port(s): 9001 (http) 
09:48:01.590 [main] INFO  o.a.catalina.core.StandardService - Starting service [Tomcat] 
09:48:01.591 [main] INFO  o.a.catalina.core.StandardEngine - Starting Servlet engine: [Apache Tomcat/9.0.14] 
09:48:01.628 [main] INFO  o.a.c.core.AprLifecycleListener - The APR based Apache Tomcat Native library which allows optimal performance in production environments was not found on the java.library.path: [/usr/java/packages/lib:/usr/lib64:/lib64:/lib:/usr/lib] 
09:48:01.873 [main] INFO  o.a.c.c.C.[.[localhost].[/api] - Initializing Spring embedded WebApplicationContext 
09:48:02.049 [main] INFO  com.zaxxer.hikari.HikariDataSource - HikariPool-1 - Starting... 
09:48:02.479 [main] INFO  com.zaxxer.hikari.HikariDataSource - HikariPool-1 - Start completed. 
09:48:02.512 [main] INFO  o.h.jpa.internal.util.LogHelper - HHH000204: Processing PersistenceUnitInfo [
	name: default
	...] 
09:48:02.576 [main] INFO  org.hibernate.Version - HHH000412: Hibernate Core {5.3.7.Final} 
09:48:02.577 [main] INFO  org.hibernate.cfg.Environment - HHH000206: hibernate.properties not found 
09:48:02.658 [main] INFO  o.h.annotations.common.Version - HCANN000001: Hibernate Commons Annotations {5.0.4.Final} 
09:48:02.784 [main] INFO  org.hibernate.dialect.Dialect - HHH000400: Using dialect: org.hibernate.dialect.MySQL5Dialect 
09:48:04.005 [main] INFO  o.s.o.j.LocalContainerEntityManagerFactoryBean - Initialized JPA EntityManagerFactory for persistence unit 'default' 
09:48:04.244 [main] INFO  o.h.h.i.QueryTranslatorFactoryInitiator - HHH000397: Using ASTQueryTranslatorFactory 
09:48:04.480 [main] DEBUG o.s.w.f.CommonsRequestLoggingFilter - Filter 'requestLoggingFilter' configured for use 
09:48:04.800 [main] WARN  o.s.b.a.o.j.JpaBaseConfiguration$JpaWebConfiguration$JpaWebMvcConfiguration - spring.jpa.open-in-view is enabled by default. Therefore, database queries may be performed during view rendering. Explicitly configure spring.jpa.open-in-view to disable this warning 
09:48:04.908 [main] INFO  s.d.s.w.PropertySourcedRequestMappingHandlerMapping - Mapped URL path [/v2/api-docs] onto method [public org.springframework.http.ResponseEntity<springfox.documentation.spring.web.json.Json> springfox.documentation.swagger2.web.Swagger2Controller.getDocumentation(java.lang.String,javax.servlet.http.HttpServletRequest)] 
09:48:04.995 [main] INFO  o.s.s.w.DefaultSecurityFilterChain - Creating filter chain: any request, [org.springframework.security.web.context.request.async.WebAsyncManagerIntegrationFilter@4f5d7091, org.springframework.security.web.context.SecurityContextPersistenceFilter@69c7eafd, org.springframework.security.web.header.HeaderWriterFilter@3100b5cf, org.springframework.web.filter.CorsFilter@18b88f7, org.springframework.security.web.authentication.logout.LogoutFilter@624268ab, com.hotelMS.security.JwtRequestFilter@39f7cc46, org.springframework.security.web.savedrequest.RequestCacheAwareFilter@1e387974, org.springframework.security.web.servletapi.SecurityContextHolderAwareRequestFilter@4b718c45, org.springframework.security.web.authentication.AnonymousAuthenticationFilter@128ebca1, org.springframework.security.web.session.SessionManagementFilter@2ccb8db3, org.springframework.security.web.access.ExceptionTranslationFilter@3445341, org.springframework.security.web.access.intercept.FilterSecurityInterceptor@1d6ed085] 
09:48:05.050 [main] WARN  c.n.c.s.URLConfigurationSource - No URLs will be polled as dynamic configuration sources. 
09:48:05.050 [main] INFO  c.n.c.s.URLConfigurationSource - To enable URLs as dynamic configuration sources, define System property archaius.configurationSource.additionalUrls or make config.properties available on classpath. 
09:48:05.068 [main] WARN  c.n.c.s.URLConfigurationSource - No URLs will be polled as dynamic configuration sources. 
09:48:05.069 [main] INFO  c.n.c.s.URLConfigurationSource - To enable URLs as dynamic configuration sources, define System property archaius.configurationSource.additionalUrls or make config.properties available on classpath. 
09:48:05.200 [main] INFO  o.s.s.c.ThreadPoolTaskExecutor - Initializing ExecutorService 'applicationTaskExecutor' 
09:48:05.434 [main] INFO  s.d.s.w.p.DocumentationPluginsBootstrapper - Context refreshed 
09:48:05.445 [main] INFO  s.d.s.w.p.DocumentationPluginsBootstrapper - Found 1 custom documentation plugin(s) 
09:48:05.460 [main] INFO  s.d.s.w.s.ApiListingReferenceScanner - Scanning for api listing references 
09:48:05.603 [main] INFO  s.d.s.w.r.o.CachingOperationNameGenerator - Generating unique operation named: saveUsingPOST_1 
09:48:05.606 [main] INFO  s.d.s.w.r.o.CachingOperationNameGenerator - Generating unique operation named: saveUsingPOST_2 
09:48:05.651 [main] INFO  o.s.b.w.e.tomcat.TomcatWebServer - Tomcat started on port(s): 9001 (http) with context path '/api' 
09:48:05.653 [main] INFO  com.hotelMS.HotelMSApplication - Started HotelMSApplication in 6.695 seconds (JVM running for 7.524) 
10:02:56.068 [http-nio-9001-exec-1] INFO  o.a.c.c.C.[.[localhost].[/api] - Initializing Spring DispatcherServlet 'dispatcherServlet' 
10:02:56.093 [http-nio-9001-exec-1] WARN  c.hotelMS.security.JwtRequestFilter - JWT Token does not begin with Bearer String 
10:02:56.102 [http-nio-9001-exec-1] DEBUG o.s.w.f.CommonsRequestLoggingFilter - Before request [uri=/api/swagger-ui.html;client=0:0:0:0:0:0:0:1] 
10:02:56.127 [http-nio-9001-exec-1] DEBUG o.s.w.f.CommonsRequestLoggingFilter - After request [uri=/api/swagger-ui.html;client=0:0:0:0:0:0:0:1] 
10:02:56.191 [http-nio-9001-exec-2] WARN  c.hotelMS.security.JwtRequestFilter - JWT Token does not begin with Bearer String 
10:02:56.192 [http-nio-9001-exec-2] DEBUG o.s.w.f.CommonsRequestLoggingFilter - Before request [uri=/api/webjars/springfox-swagger-ui/springfox.css?v=2.9.2;client=0:0:0:0:0:0:0:1] 
10:02:56.195 [http-nio-9001-exec-4] WARN  c.hotelMS.security.JwtRequestFilter - JWT Token does not begin with Bearer String 
10:02:56.196 [http-nio-9001-exec-6] WARN  c.hotelMS.security.JwtRequestFilter - JWT Token does not begin with Bearer String 
10:02:56.196 [http-nio-9001-exec-3] WARN  c.hotelMS.security.JwtRequestFilter - JWT Token does not begin with Bearer String 
10:02:56.196 [http-nio-9001-exec-4] DEBUG o.s.w.f.CommonsRequestLoggingFilter - Before request [uri=/api/webjars/springfox-swagger-ui/swagger-ui.css?v=2.9.2;client=0:0:0:0:0:0:0:1] 
10:02:56.197 [http-nio-9001-exec-6] DEBUG o.s.w.f.CommonsRequestLoggingFilter - Before request [uri=/api/webjars/springfox-swagger-ui/springfox.js?v=2.9.2;client=0:0:0:0:0:0:0:1] 
10:02:56.198 [http-nio-9001-exec-5] WARN  c.hotelMS.security.JwtRequestFilter - JWT Token does not begin with Bearer String 
10:02:56.197 [http-nio-9001-exec-3] DEBUG o.s.w.f.CommonsRequestLoggingFilter - Before request [uri=/api/webjars/springfox-swagger-ui/swagger-ui-bundle.js?v=2.9.2;client=0:0:0:0:0:0:0:1] 
10:02:56.200 [http-nio-9001-exec-2] DEBUG o.s.w.f.CommonsRequestLoggingFilter - After request [uri=/api/webjars/springfox-swagger-ui/springfox.css?v=2.9.2;client=0:0:0:0:0:0:0:1] 
10:02:56.200 [http-nio-9001-exec-5] DEBUG o.s.w.f.CommonsRequestLoggingFilter - Before request [uri=/api/webjars/springfox-swagger-ui/swagger-ui-standalone-preset.js?v=2.9.2;client=0:0:0:0:0:0:0:1] 
10:02:56.256 [http-nio-9001-exec-4] DEBUG o.s.w.f.CommonsRequestLoggingFilter - After request [uri=/api/webjars/springfox-swagger-ui/swagger-ui.css?v=2.9.2;client=0:0:0:0:0:0:0:1] 
10:02:56.266 [http-nio-9001-exec-6] DEBUG o.s.w.f.CommonsRequestLoggingFilter - After request [uri=/api/webjars/springfox-swagger-ui/springfox.js?v=2.9.2;client=0:0:0:0:0:0:0:1] 
10:02:56.291 [http-nio-9001-exec-5] DEBUG o.s.w.f.CommonsRequestLoggingFilter - After request [uri=/api/webjars/springfox-swagger-ui/swagger-ui-standalone-preset.js?v=2.9.2;client=0:0:0:0:0:0:0:1] 
10:02:56.340 [http-nio-9001-exec-3] DEBUG o.s.w.f.CommonsRequestLoggingFilter - After request [uri=/api/webjars/springfox-swagger-ui/swagger-ui-bundle.js?v=2.9.2;client=0:0:0:0:0:0:0:1] 
10:02:56.911 [http-nio-9001-exec-7] WARN  c.hotelMS.security.JwtRequestFilter - JWT Token does not begin with Bearer String 
10:02:56.912 [http-nio-9001-exec-7] DEBUG o.s.w.f.CommonsRequestLoggingFilter - Before request [uri=/api/swagger-resources/configuration/ui;client=0:0:0:0:0:0:0:1] 
10:02:57.001 [http-nio-9001-exec-7] DEBUG o.s.w.f.CommonsRequestLoggingFilter - After request [uri=/api/swagger-resources/configuration/ui;client=0:0:0:0:0:0:0:1] 
10:02:57.005 [http-nio-9001-exec-8] WARN  c.hotelMS.security.JwtRequestFilter - JWT Token does not begin with Bearer String 
10:02:57.006 [http-nio-9001-exec-8] DEBUG o.s.w.f.CommonsRequestLoggingFilter - Before request [uri=/api/swagger-resources/configuration/security;client=0:0:0:0:0:0:0:1] 
10:02:57.011 [http-nio-9001-exec-8] DEBUG o.s.w.f.CommonsRequestLoggingFilter - After request [uri=/api/swagger-resources/configuration/security;client=0:0:0:0:0:0:0:1] 
10:02:57.018 [http-nio-9001-exec-9] WARN  c.hotelMS.security.JwtRequestFilter - JWT Token does not begin with Bearer String 
10:02:57.019 [http-nio-9001-exec-9] DEBUG o.s.w.f.CommonsRequestLoggingFilter - Before request [uri=/api/swagger-resources;client=0:0:0:0:0:0:0:1] 
10:02:57.026 [http-nio-9001-exec-9] DEBUG o.s.w.f.CommonsRequestLoggingFilter - After request [uri=/api/swagger-resources;client=0:0:0:0:0:0:0:1] 
10:02:57.071 [http-nio-9001-exec-10] WARN  c.hotelMS.security.JwtRequestFilter - JWT Token does not begin with Bearer String 
10:02:57.071 [http-nio-9001-exec-1] WARN  c.hotelMS.security.JwtRequestFilter - JWT Token does not begin with Bearer String 
10:02:57.071 [http-nio-9001-exec-10] DEBUG o.s.w.f.CommonsRequestLoggingFilter - Before request [uri=/api/v2/api-docs;client=0:0:0:0:0:0:0:1] 
10:02:57.099 [http-nio-9001-exec-2] WARN  c.hotelMS.security.JwtRequestFilter - JWT Token does not begin with Bearer String 
10:02:57.100 [http-nio-9001-exec-2] DEBUG o.s.w.f.CommonsRequestLoggingFilter - Before request [uri=/api/webjars/springfox-swagger-ui/fonts/titillium-web-v6-latin-700.woff2;client=0:0:0:0:0:0:0:1] 
10:02:57.103 [http-nio-9001-exec-4] WARN  c.hotelMS.security.JwtRequestFilter - JWT Token does not begin with Bearer String 
10:02:57.105 [http-nio-9001-exec-2] DEBUG o.s.w.f.CommonsRequestLoggingFilter - After request [uri=/api/webjars/springfox-swagger-ui/fonts/titillium-web-v6-latin-700.woff2;client=0:0:0:0:0:0:0:1] 
10:02:57.220 [http-nio-9001-exec-10] DEBUG o.s.w.f.CommonsRequestLoggingFilter - After request [uri=/api/v2/api-docs;client=0:0:0:0:0:0:0:1] 
10:02:57.393 [http-nio-9001-exec-5] WARN  c.hotelMS.security.JwtRequestFilter - JWT Token does not begin with Bearer String 
10:02:57.393 [http-nio-9001-exec-6] WARN  c.hotelMS.security.JwtRequestFilter - JWT Token does not begin with Bearer String 
10:02:57.393 [http-nio-9001-exec-5] DEBUG o.s.w.f.CommonsRequestLoggingFilter - Before request [uri=/api/webjars/springfox-swagger-ui/fonts/open-sans-v15-latin-regular.woff2;client=0:0:0:0:0:0:0:1] 
10:02:57.394 [http-nio-9001-exec-6] DEBUG o.s.w.f.CommonsRequestLoggingFilter - Before request [uri=/api/webjars/springfox-swagger-ui/fonts/source-code-pro-v7-latin-300.woff2;client=0:0:0:0:0:0:0:1] 
10:02:57.397 [http-nio-9001-exec-5] DEBUG o.s.w.f.CommonsRequestLoggingFilter - After request [uri=/api/webjars/springfox-swagger-ui/fonts/open-sans-v15-latin-regular.woff2;client=0:0:0:0:0:0:0:1] 
10:02:57.398 [http-nio-9001-exec-6] DEBUG o.s.w.f.CommonsRequestLoggingFilter - After request [uri=/api/webjars/springfox-swagger-ui/fonts/source-code-pro-v7-latin-300.woff2;client=0:0:0:0:0:0:0:1] 
10:02:59.079 [http-nio-9001-exec-3] WARN  c.hotelMS.security.JwtRequestFilter - JWT Token does not begin with Bearer String 
10:02:59.080 [http-nio-9001-exec-3] DEBUG o.s.w.f.CommonsRequestLoggingFilter - Before request [uri=/api/webjars/springfox-swagger-ui/fonts/source-code-pro-v7-latin-600.woff2;client=0:0:0:0:0:0:0:1] 
10:02:59.084 [http-nio-9001-exec-3] DEBUG o.s.w.f.CommonsRequestLoggingFilter - After request [uri=/api/webjars/springfox-swagger-ui/fonts/source-code-pro-v7-latin-600.woff2;client=0:0:0:0:0:0:0:1] 
10:03:01.472 [http-nio-9001-exec-7] WARN  c.hotelMS.security.JwtRequestFilter - JWT Token does not begin with Bearer String 
10:03:01.473 [http-nio-9001-exec-7] DEBUG o.s.w.f.CommonsRequestLoggingFilter - Before request [uri=/api/webjars/springfox-swagger-ui/fonts/titillium-web-v6-latin-regular.woff2;client=0:0:0:0:0:0:0:1] 
10:03:01.476 [http-nio-9001-exec-7] DEBUG o.s.w.f.CommonsRequestLoggingFilter - After request [uri=/api/webjars/springfox-swagger-ui/fonts/titillium-web-v6-latin-regular.woff2;client=0:0:0:0:0:0:0:1] 
11:13:17.974 [Thread-5] INFO  o.s.s.c.ThreadPoolTaskExecutor - Shutting down ExecutorService 'applicationTaskExecutor' 
11:13:18.019 [Thread-5] INFO  o.s.o.j.LocalContainerEntityManagerFactoryBean - Closing JPA EntityManagerFactory for persistence unit 'default' 
11:13:18.021 [Thread-5] INFO  com.zaxxer.hikari.HikariDataSource - HikariPool-1 - Shutdown initiated... 
11:13:18.024 [Thread-5] INFO  com.zaxxer.hikari.HikariDataSource - HikariPool-1 - Shutdown completed. 
11:13:21.934 [main] INFO  o.s.c.s.PostProcessorRegistrationDelegate$BeanPostProcessorChecker - Bean 'org.springframework.cloud.autoconfigure.ConfigurationPropertiesRebinderAutoConfiguration' of type [org.springframework.cloud.autoconfigure.ConfigurationPropertiesRebinderAutoConfiguration$$EnhancerBySpringCGLIB$$a92b7fbb] is not eligible for getting processed by all BeanPostProcessors (for example: not eligible for auto-proxying) 
11:13:22.046 [main] INFO  com.hotelMS.HotelMSApplication - The following profiles are active: dev 
11:13:22.778 [main] INFO  o.s.d.r.c.RepositoryConfigurationDelegate - Bootstrapping Spring Data repositories in DEFAULT mode. 
11:13:22.831 [main] INFO  o.s.d.r.c.RepositoryConfigurationDelegate - Finished Spring Data repository scanning in 50ms. Found 5 repository interfaces. 
11:13:22.960 [main] INFO  o.s.c.context.scope.GenericScope - BeanFactory id=ae3d95ee-d094-3028-91ff-536aca2f6150 
11:13:23.030 [main] INFO  o.s.c.s.PostProcessorRegistrationDelegate$BeanPostProcessorChecker - Bean 'org.springframework.transaction.annotation.ProxyTransactionManagementConfiguration' of type [org.springframework.transaction.annotation.ProxyTransactionManagementConfiguration$$EnhancerBySpringCGLIB$$8d117cbe] is not eligible for getting processed by all BeanPostProcessors (for example: not eligible for auto-proxying) 
11:13:23.070 [main] INFO  o.s.c.s.PostProcessorRegistrationDelegate$BeanPostProcessorChecker - Bean 'org.springframework.security.config.annotation.configuration.ObjectPostProcessorConfiguration' of type [org.springframework.security.config.annotation.configuration.ObjectPostProcessorConfiguration$$EnhancerBySpringCGLIB$$25bf44f8] is not eligible for getting processed by all BeanPostProcessors (for example: not eligible for auto-proxying) 
11:13:23.078 [main] INFO  o.s.c.s.PostProcessorRegistrationDelegate$BeanPostProcessorChecker - Bean 'objectPostProcessor' of type [org.springframework.security.config.annotation.configuration.AutowireBeanFactoryObjectPostProcessor] is not eligible for getting processed by all BeanPostProcessors (for example: not eligible for auto-proxying) 
11:13:23.080 [main] INFO  o.s.c.s.PostProcessorRegistrationDelegate$BeanPostProcessorChecker - Bean 'org.springframework.security.access.expression.method.DefaultMethodSecurityExpressionHandler@6ad179b4' of type [org.springframework.security.access.expression.method.DefaultMethodSecurityExpressionHandler] is not eligible for getting processed by all BeanPostProcessors (for example: not eligible for auto-proxying) 
11:13:23.083 [main] INFO  o.s.c.s.PostProcessorRegistrationDelegate$BeanPostProcessorChecker - Bean 'org.springframework.security.config.annotation.method.configuration.GlobalMethodSecurityConfiguration' of type [org.springframework.security.config.annotation.method.configuration.GlobalMethodSecurityConfiguration$$EnhancerBySpringCGLIB$$4a93e7aa] is not eligible for getting processed by all BeanPostProcessors (for example: not eligible for auto-proxying) 
11:13:23.086 [main] INFO  o.s.c.s.PostProcessorRegistrationDelegate$BeanPostProcessorChecker - Bean 'methodSecurityMetadataSource' of type [org.springframework.security.access.method.DelegatingMethodSecurityMetadataSource] is not eligible for getting processed by all BeanPostProcessors (for example: not eligible for auto-proxying) 
11:13:23.100 [main] INFO  o.s.c.s.PostProcessorRegistrationDelegate$BeanPostProcessorChecker - Bean 'org.springframework.cloud.autoconfigure.ConfigurationPropertiesRebinderAutoConfiguration' of type [org.springframework.cloud.autoconfigure.ConfigurationPropertiesRebinderAutoConfiguration$$EnhancerBySpringCGLIB$$a92b7fbb] is not eligible for getting processed by all BeanPostProcessors (for example: not eligible for auto-proxying) 
11:13:23.417 [main] INFO  o.s.b.w.e.tomcat.TomcatWebServer - Tomcat initialized with port(s): 9001 (http) 
11:13:23.434 [main] INFO  o.a.catalina.core.StandardService - Starting service [Tomcat] 
11:13:23.434 [main] INFO  o.a.catalina.core.StandardEngine - Starting Servlet engine: [Apache Tomcat/9.0.14] 
11:13:23.442 [main] INFO  o.a.c.core.AprLifecycleListener - The APR based Apache Tomcat Native library which allows optimal performance in production environments was not found on the java.library.path: [/usr/java/packages/lib:/usr/lib64:/lib64:/lib:/usr/lib] 
11:13:23.525 [main] INFO  o.a.c.c.C.[.[localhost].[/api] - Initializing Spring embedded WebApplicationContext 
11:13:23.729 [main] INFO  com.zaxxer.hikari.HikariDataSource - HikariPool-1 - Starting... 
11:13:23.841 [main] INFO  com.zaxxer.hikari.HikariDataSource - HikariPool-1 - Start completed. 
11:13:23.870 [main] INFO  o.h.jpa.internal.util.LogHelper - HHH000204: Processing PersistenceUnitInfo [
	name: default
	...] 
11:13:23.938 [main] INFO  org.hibernate.Version - HHH000412: Hibernate Core {5.3.7.Final} 
11:13:23.939 [main] INFO  org.hibernate.cfg.Environment - HHH000206: hibernate.properties not found 
11:13:24.012 [main] INFO  o.h.annotations.common.Version - HCANN000001: Hibernate Commons Annotations {5.0.4.Final} 
11:13:24.121 [main] INFO  org.hibernate.dialect.Dialect - HHH000400: Using dialect: org.hibernate.dialect.MySQL5Dialect 
11:13:25.661 [main] INFO  o.s.o.j.LocalContainerEntityManagerFactoryBean - Initialized JPA EntityManagerFactory for persistence unit 'default' 
11:13:25.865 [main] INFO  o.h.h.i.QueryTranslatorFactoryInitiator - HHH000397: Using ASTQueryTranslatorFactory 
11:13:26.141 [main] DEBUG o.s.w.f.CommonsRequestLoggingFilter - Filter 'requestLoggingFilter' configured for use 
11:13:26.526 [main] WARN  o.s.b.a.o.j.JpaBaseConfiguration$JpaWebConfiguration$JpaWebMvcConfiguration - spring.jpa.open-in-view is enabled by default. Therefore, database queries may be performed during view rendering. Explicitly configure spring.jpa.open-in-view to disable this warning 
11:13:26.691 [main] INFO  s.d.s.w.PropertySourcedRequestMappingHandlerMapping - Mapped URL path [/v2/api-docs] onto method [public org.springframework.http.ResponseEntity<springfox.documentation.spring.web.json.Json> springfox.documentation.swagger2.web.Swagger2Controller.getDocumentation(java.lang.String,javax.servlet.http.HttpServletRequest)] 
11:13:26.895 [main] INFO  o.s.s.w.DefaultSecurityFilterChain - Creating filter chain: any request, [org.springframework.security.web.context.request.async.WebAsyncManagerIntegrationFilter@6e6ec71f, org.springframework.security.web.context.SecurityContextPersistenceFilter@7fd3197b, org.springframework.security.web.header.HeaderWriterFilter@15096b0e, org.springframework.web.filter.CorsFilter@1e387974, org.springframework.security.web.authentication.logout.LogoutFilter@8929865, com.hotelMS.security.JwtRequestFilter@4e53c6ef, org.springframework.security.web.savedrequest.RequestCacheAwareFilter@6a087c72, org.springframework.security.web.servletapi.SecurityContextHolderAwareRequestFilter@98a0842, org.springframework.security.web.authentication.AnonymousAuthenticationFilter@2a23c061, org.springframework.security.web.session.SessionManagementFilter@62b2bc2e, org.springframework.security.web.access.ExceptionTranslationFilter@46cb800b, org.springframework.security.web.access.intercept.FilterSecurityInterceptor@76929266] 
11:13:26.942 [main] WARN  c.n.c.s.URLConfigurationSource - No URLs will be polled as dynamic configuration sources. 
11:13:26.942 [main] INFO  c.n.c.s.URLConfigurationSource - To enable URLs as dynamic configuration sources, define System property archaius.configurationSource.additionalUrls or make config.properties available on classpath. 
11:13:26.945 [main] WARN  c.n.c.s.URLConfigurationSource - No URLs will be polled as dynamic configuration sources. 
11:13:26.945 [main] INFO  c.n.c.s.URLConfigurationSource - To enable URLs as dynamic configuration sources, define System property archaius.configurationSource.additionalUrls or make config.properties available on classpath. 
11:13:27.064 [main] INFO  o.s.s.c.ThreadPoolTaskExecutor - Initializing ExecutorService 'applicationTaskExecutor' 
11:13:27.316 [main] INFO  s.d.s.w.p.DocumentationPluginsBootstrapper - Context refreshed 
11:13:27.326 [main] INFO  s.d.s.w.p.DocumentationPluginsBootstrapper - Found 1 custom documentation plugin(s) 
11:13:27.345 [main] INFO  s.d.s.w.s.ApiListingReferenceScanner - Scanning for api listing references 
11:13:27.567 [main] INFO  s.d.s.w.r.o.CachingOperationNameGenerator - Generating unique operation named: saveUsingPOST_1 
11:13:27.573 [main] INFO  s.d.s.w.r.o.CachingOperationNameGenerator - Generating unique operation named: saveUsingPOST_2 
11:13:27.637 [main] INFO  o.s.b.w.e.tomcat.TomcatWebServer - Tomcat started on port(s): 9001 (http) with context path '/api' 
11:13:27.640 [main] INFO  com.hotelMS.HotelMSApplication - Started HotelMSApplication in 7.262 seconds (JVM running for 7.948) 
11:14:56.782 [http-nio-9001-exec-1] INFO  o.a.c.c.C.[.[localhost].[/api] - Initializing Spring DispatcherServlet 'dispatcherServlet' 
11:14:56.802 [http-nio-9001-exec-1] WARN  c.hotelMS.security.JwtRequestFilter - JWT Token does not begin with Bearer String 
11:14:56.821 [http-nio-9001-exec-1] DEBUG o.s.w.f.CommonsRequestLoggingFilter - Before request [uri=/api/swagger-ui.html;client=0:0:0:0:0:0:0:1] 
11:14:56.846 [http-nio-9001-exec-1] DEBUG o.s.w.f.CommonsRequestLoggingFilter - After request [uri=/api/swagger-ui.html;client=0:0:0:0:0:0:0:1] 
11:14:56.873 [http-nio-9001-exec-2] WARN  c.hotelMS.security.JwtRequestFilter - JWT Token does not begin with Bearer String 
11:14:56.874 [http-nio-9001-exec-2] DEBUG o.s.w.f.CommonsRequestLoggingFilter - Before request [uri=/api/webjars/springfox-swagger-ui/springfox.css?v=2.9.2;client=0:0:0:0:0:0:0:1] 
11:14:56.875 [http-nio-9001-exec-3] WARN  c.hotelMS.security.JwtRequestFilter - JWT Token does not begin with Bearer String 
11:14:56.876 [http-nio-9001-exec-5] WARN  c.hotelMS.security.JwtRequestFilter - JWT Token does not begin with Bearer String 
11:14:56.876 [http-nio-9001-exec-4] WARN  c.hotelMS.security.JwtRequestFilter - JWT Token does not begin with Bearer String 
11:14:56.876 [http-nio-9001-exec-5] DEBUG o.s.w.f.CommonsRequestLoggingFilter - Before request [uri=/api/webjars/springfox-swagger-ui/swagger-ui-standalone-preset.js?v=2.9.2;client=0:0:0:0:0:0:0:1] 
11:14:56.877 [http-nio-9001-exec-4] DEBUG o.s.w.f.CommonsRequestLoggingFilter - Before request [uri=/api/webjars/springfox-swagger-ui/swagger-ui-bundle.js?v=2.9.2;client=0:0:0:0:0:0:0:1] 
11:14:56.877 [http-nio-9001-exec-3] DEBUG o.s.w.f.CommonsRequestLoggingFilter - Before request [uri=/api/webjars/springfox-swagger-ui/swagger-ui.css?v=2.9.2;client=0:0:0:0:0:0:0:1] 
11:14:56.878 [http-nio-9001-exec-6] WARN  c.hotelMS.security.JwtRequestFilter - JWT Token does not begin with Bearer String 
11:14:56.878 [http-nio-9001-exec-6] DEBUG o.s.w.f.CommonsRequestLoggingFilter - Before request [uri=/api/webjars/springfox-swagger-ui/springfox.js?v=2.9.2;client=0:0:0:0:0:0:0:1] 
11:14:56.884 [http-nio-9001-exec-2] DEBUG o.s.w.f.CommonsRequestLoggingFilter - After request [uri=/api/webjars/springfox-swagger-ui/springfox.css?v=2.9.2;client=0:0:0:0:0:0:0:1] 
11:14:56.928 [http-nio-9001-exec-6] DEBUG o.s.w.f.CommonsRequestLoggingFilter - After request [uri=/api/webjars/springfox-swagger-ui/springfox.js?v=2.9.2;client=0:0:0:0:0:0:0:1] 
11:14:56.934 [http-nio-9001-exec-5] DEBUG o.s.w.f.CommonsRequestLoggingFilter - After request [uri=/api/webjars/springfox-swagger-ui/swagger-ui-standalone-preset.js?v=2.9.2;client=0:0:0:0:0:0:0:1] 
11:14:56.937 [http-nio-9001-exec-3] DEBUG o.s.w.f.CommonsRequestLoggingFilter - After request [uri=/api/webjars/springfox-swagger-ui/swagger-ui.css?v=2.9.2;client=0:0:0:0:0:0:0:1] 
11:14:56.958 [http-nio-9001-exec-4] DEBUG o.s.w.f.CommonsRequestLoggingFilter - After request [uri=/api/webjars/springfox-swagger-ui/swagger-ui-bundle.js?v=2.9.2;client=0:0:0:0:0:0:0:1] 
11:14:57.200 [http-nio-9001-exec-7] WARN  c.hotelMS.security.JwtRequestFilter - JWT Token does not begin with Bearer String 
11:14:57.201 [http-nio-9001-exec-7] DEBUG o.s.w.f.CommonsRequestLoggingFilter - Before request [uri=/api/swagger-resources/configuration/ui;client=0:0:0:0:0:0:0:1] 
11:14:57.201 [http-nio-9001-exec-8] WARN  c.hotelMS.security.JwtRequestFilter - JWT Token does not begin with Bearer String 
11:14:57.202 [http-nio-9001-exec-8] DEBUG o.s.w.f.CommonsRequestLoggingFilter - Before request [uri=/api/webjars/springfox-swagger-ui/favicon-32x32.png?v=2.9.2;client=0:0:0:0:0:0:0:1] 
11:14:57.207 [http-nio-9001-exec-8] DEBUG o.s.w.f.CommonsRequestLoggingFilter - After request [uri=/api/webjars/springfox-swagger-ui/favicon-32x32.png?v=2.9.2;client=0:0:0:0:0:0:0:1] 
11:14:57.264 [http-nio-9001-exec-7] DEBUG o.s.w.f.CommonsRequestLoggingFilter - After request [uri=/api/swagger-resources/configuration/ui;client=0:0:0:0:0:0:0:1] 
11:14:57.270 [http-nio-9001-exec-9] WARN  c.hotelMS.security.JwtRequestFilter - JWT Token does not begin with Bearer String 
11:14:57.270 [http-nio-9001-exec-9] DEBUG o.s.w.f.CommonsRequestLoggingFilter - Before request [uri=/api/swagger-resources/configuration/security;client=0:0:0:0:0:0:0:1] 
11:14:57.277 [http-nio-9001-exec-9] DEBUG o.s.w.f.CommonsRequestLoggingFilter - After request [uri=/api/swagger-resources/configuration/security;client=0:0:0:0:0:0:0:1] 
11:14:57.283 [http-nio-9001-exec-10] WARN  c.hotelMS.security.JwtRequestFilter - JWT Token does not begin with Bearer String 
11:14:57.284 [http-nio-9001-exec-10] DEBUG o.s.w.f.CommonsRequestLoggingFilter - Before request [uri=/api/swagger-resources;client=0:0:0:0:0:0:0:1] 
11:14:57.289 [http-nio-9001-exec-10] DEBUG o.s.w.f.CommonsRequestLoggingFilter - After request [uri=/api/swagger-resources;client=0:0:0:0:0:0:0:1] 
11:14:57.336 [http-nio-9001-exec-1] WARN  c.hotelMS.security.JwtRequestFilter - JWT Token does not begin with Bearer String 
11:14:57.337 [http-nio-9001-exec-1] DEBUG o.s.w.f.CommonsRequestLoggingFilter - Before request [uri=/api/v2/api-docs;client=0:0:0:0:0:0:0:1] 
11:14:57.337 [http-nio-9001-exec-2] WARN  c.hotelMS.security.JwtRequestFilter - JWT Token does not begin with Bearer String 
11:14:57.352 [http-nio-9001-exec-6] WARN  c.hotelMS.security.JwtRequestFilter - JWT Token does not begin with Bearer String 
11:14:57.353 [http-nio-9001-exec-6] DEBUG o.s.w.f.CommonsRequestLoggingFilter - Before request [uri=/api/webjars/springfox-swagger-ui/fonts/titillium-web-v6-latin-700.woff2;client=0:0:0:0:0:0:0:1] 
11:14:57.379 [http-nio-9001-exec-6] DEBUG o.s.w.f.CommonsRequestLoggingFilter - After request [uri=/api/webjars/springfox-swagger-ui/fonts/titillium-web-v6-latin-700.woff2;client=0:0:0:0:0:0:0:1] 
11:14:57.386 [http-nio-9001-exec-5] WARN  c.hotelMS.security.JwtRequestFilter - JWT Token does not begin with Bearer String 
11:14:57.483 [http-nio-9001-exec-1] DEBUG o.s.w.f.CommonsRequestLoggingFilter - After request [uri=/api/v2/api-docs;client=0:0:0:0:0:0:0:1] 
11:14:57.619 [http-nio-9001-exec-3] WARN  c.hotelMS.security.JwtRequestFilter - JWT Token does not begin with Bearer String 
11:14:57.620 [http-nio-9001-exec-4] WARN  c.hotelMS.security.JwtRequestFilter - JWT Token does not begin with Bearer String 
11:14:57.620 [http-nio-9001-exec-4] DEBUG o.s.w.f.CommonsRequestLoggingFilter - Before request [uri=/api/webjars/springfox-swagger-ui/fonts/open-sans-v15-latin-regular.woff2;client=0:0:0:0:0:0:0:1] 
11:14:57.620 [http-nio-9001-exec-3] DEBUG o.s.w.f.CommonsRequestLoggingFilter - Before request [uri=/api/webjars/springfox-swagger-ui/fonts/source-code-pro-v7-latin-300.woff2;client=0:0:0:0:0:0:0:1] 
11:14:57.625 [http-nio-9001-exec-4] DEBUG o.s.w.f.CommonsRequestLoggingFilter - After request [uri=/api/webjars/springfox-swagger-ui/fonts/open-sans-v15-latin-regular.woff2;client=0:0:0:0:0:0:0:1] 
11:14:57.625 [http-nio-9001-exec-3] DEBUG o.s.w.f.CommonsRequestLoggingFilter - After request [uri=/api/webjars/springfox-swagger-ui/fonts/source-code-pro-v7-latin-300.woff2;client=0:0:0:0:0:0:0:1] 
11:14:58.936 [http-nio-9001-exec-8] WARN  c.hotelMS.security.JwtRequestFilter - JWT Token does not begin with Bearer String 
11:14:58.937 [http-nio-9001-exec-8] DEBUG o.s.w.f.CommonsRequestLoggingFilter - Before request [uri=/api/webjars/springfox-swagger-ui/fonts/source-code-pro-v7-latin-600.woff2;client=0:0:0:0:0:0:0:1] 
11:14:58.963 [http-nio-9001-exec-8] DEBUG o.s.w.f.CommonsRequestLoggingFilter - After request [uri=/api/webjars/springfox-swagger-ui/fonts/source-code-pro-v7-latin-600.woff2;client=0:0:0:0:0:0:0:1] 
11:14:59.099 [http-nio-9001-exec-7] WARN  c.hotelMS.security.JwtRequestFilter - JWT Token does not begin with Bearer String 
11:14:59.100 [http-nio-9001-exec-7] DEBUG o.s.w.f.CommonsRequestLoggingFilter - Before request [uri=/api/webjars/springfox-swagger-ui/fonts/titillium-web-v6-latin-regular.woff2;client=0:0:0:0:0:0:0:1] 
11:14:59.104 [http-nio-9001-exec-7] DEBUG o.s.w.f.CommonsRequestLoggingFilter - After request [uri=/api/webjars/springfox-swagger-ui/fonts/titillium-web-v6-latin-regular.woff2;client=0:0:0:0:0:0:0:1] 
12:10:17.777 [http-nio-9001-exec-1] WARN  c.hotelMS.security.JwtRequestFilter - JWT Token does not begin with Bearer String 
12:10:17.778 [http-nio-9001-exec-1] DEBUG o.s.w.f.CommonsRequestLoggingFilter - Before request [uri=/api/swagger-ui.html;client=0:0:0:0:0:0:0:1] 
12:10:17.783 [http-nio-9001-exec-1] DEBUG o.s.w.f.CommonsRequestLoggingFilter - After request [uri=/api/swagger-ui.html;client=0:0:0:0:0:0:0:1] 
12:10:17.807 [http-nio-9001-exec-3] WARN  c.hotelMS.security.JwtRequestFilter - JWT Token does not begin with Bearer String 
12:10:17.808 [http-nio-9001-exec-4] WARN  c.hotelMS.security.JwtRequestFilter - JWT Token does not begin with Bearer String 
12:10:17.808 [http-nio-9001-exec-3] DEBUG o.s.w.f.CommonsRequestLoggingFilter - Before request [uri=/api/webjars/springfox-swagger-ui/springfox.css?v=2.9.2;client=0:0:0:0:0:0:0:1] 
12:10:17.809 [http-nio-9001-exec-4] DEBUG o.s.w.f.CommonsRequestLoggingFilter - Before request [uri=/api/webjars/springfox-swagger-ui/swagger-ui.css?v=2.9.2;client=0:0:0:0:0:0:0:1] 
12:10:17.814 [http-nio-9001-exec-8] WARN  c.hotelMS.security.JwtRequestFilter - JWT Token does not begin with Bearer String 
12:10:17.814 [http-nio-9001-exec-8] DEBUG o.s.w.f.CommonsRequestLoggingFilter - Before request [uri=/api/webjars/springfox-swagger-ui/swagger-ui-bundle.js?v=2.9.2;client=0:0:0:0:0:0:0:1] 
12:10:17.815 [http-nio-9001-exec-3] DEBUG o.s.w.f.CommonsRequestLoggingFilter - After request [uri=/api/webjars/springfox-swagger-ui/springfox.css?v=2.9.2;client=0:0:0:0:0:0:0:1] 
12:10:17.817 [http-nio-9001-exec-4] DEBUG o.s.w.f.CommonsRequestLoggingFilter - After request [uri=/api/webjars/springfox-swagger-ui/swagger-ui.css?v=2.9.2;client=0:0:0:0:0:0:0:1] 
12:10:17.818 [http-nio-9001-exec-7] WARN  c.hotelMS.security.JwtRequestFilter - JWT Token does not begin with Bearer String 
12:10:17.819 [http-nio-9001-exec-7] DEBUG o.s.w.f.CommonsRequestLoggingFilter - Before request [uri=/api/webjars/springfox-swagger-ui/swagger-ui-standalone-preset.js?v=2.9.2;client=0:0:0:0:0:0:0:1] 
12:10:17.819 [http-nio-9001-exec-4] WARN  c.hotelMS.security.JwtRequestFilter - JWT Token does not begin with Bearer String 
12:10:17.819 [http-nio-9001-exec-4] DEBUG o.s.w.f.CommonsRequestLoggingFilter - Before request [uri=/api/webjars/springfox-swagger-ui/springfox.js?v=2.9.2;client=0:0:0:0:0:0:0:1] 
12:10:17.823 [http-nio-9001-exec-4] DEBUG o.s.w.f.CommonsRequestLoggingFilter - After request [uri=/api/webjars/springfox-swagger-ui/springfox.js?v=2.9.2;client=0:0:0:0:0:0:0:1] 
12:10:17.827 [http-nio-9001-exec-7] DEBUG o.s.w.f.CommonsRequestLoggingFilter - After request [uri=/api/webjars/springfox-swagger-ui/swagger-ui-standalone-preset.js?v=2.9.2;client=0:0:0:0:0:0:0:1] 
12:10:17.835 [http-nio-9001-exec-8] DEBUG o.s.w.f.CommonsRequestLoggingFilter - After request [uri=/api/webjars/springfox-swagger-ui/swagger-ui-bundle.js?v=2.9.2;client=0:0:0:0:0:0:0:1] 
12:10:18.071 [http-nio-9001-exec-10] WARN  c.hotelMS.security.JwtRequestFilter - JWT Token does not begin with Bearer String 
12:10:18.072 [http-nio-9001-exec-10] DEBUG o.s.w.f.CommonsRequestLoggingFilter - Before request [uri=/api/swagger-resources/configuration/ui;client=0:0:0:0:0:0:0:1] 
12:10:18.072 [http-nio-9001-exec-2] WARN  c.hotelMS.security.JwtRequestFilter - JWT Token does not begin with Bearer String 
12:10:18.073 [http-nio-9001-exec-2] DEBUG o.s.w.f.CommonsRequestLoggingFilter - Before request [uri=/api/webjars/springfox-swagger-ui/favicon-32x32.png?v=2.9.2;client=0:0:0:0:0:0:0:1] 
12:10:18.075 [http-nio-9001-exec-10] DEBUG o.s.w.f.CommonsRequestLoggingFilter - After request [uri=/api/swagger-resources/configuration/ui;client=0:0:0:0:0:0:0:1] 
12:10:18.076 [http-nio-9001-exec-2] DEBUG o.s.w.f.CommonsRequestLoggingFilter - After request [uri=/api/webjars/springfox-swagger-ui/favicon-32x32.png?v=2.9.2;client=0:0:0:0:0:0:0:1] 
12:10:18.081 [http-nio-9001-exec-6] WARN  c.hotelMS.security.JwtRequestFilter - JWT Token does not begin with Bearer String 
12:10:18.081 [http-nio-9001-exec-6] DEBUG o.s.w.f.CommonsRequestLoggingFilter - Before request [uri=/api/swagger-resources/configuration/security;client=0:0:0:0:0:0:0:1] 
12:10:18.083 [http-nio-9001-exec-6] DEBUG o.s.w.f.CommonsRequestLoggingFilter - After request [uri=/api/swagger-resources/configuration/security;client=0:0:0:0:0:0:0:1] 
12:10:18.089 [http-nio-9001-exec-5] WARN  c.hotelMS.security.JwtRequestFilter - JWT Token does not begin with Bearer String 
12:10:18.090 [http-nio-9001-exec-5] DEBUG o.s.w.f.CommonsRequestLoggingFilter - Before request [uri=/api/swagger-resources;client=0:0:0:0:0:0:0:1] 
12:10:18.092 [http-nio-9001-exec-5] DEBUG o.s.w.f.CommonsRequestLoggingFilter - After request [uri=/api/swagger-resources;client=0:0:0:0:0:0:0:1] 
12:10:18.141 [http-nio-9001-exec-1] WARN  c.hotelMS.security.JwtRequestFilter - JWT Token does not begin with Bearer String 
12:10:18.142 [http-nio-9001-exec-1] DEBUG o.s.w.f.CommonsRequestLoggingFilter - Before request [uri=/api/v2/api-docs;client=0:0:0:0:0:0:0:1] 
12:10:18.143 [http-nio-9001-exec-3] WARN  c.hotelMS.security.JwtRequestFilter - JWT Token does not begin with Bearer String 
12:10:18.159 [http-nio-9001-exec-4] WARN  c.hotelMS.security.JwtRequestFilter - JWT Token does not begin with Bearer String 
12:10:18.159 [http-nio-9001-exec-9] WARN  c.hotelMS.security.JwtRequestFilter - JWT Token does not begin with Bearer String 
12:10:18.160 [http-nio-9001-exec-9] DEBUG o.s.w.f.CommonsRequestLoggingFilter - Before request [uri=/api/webjars/springfox-swagger-ui/fonts/titillium-web-v6-latin-700.woff2;client=0:0:0:0:0:0:0:1] 
12:10:18.164 [http-nio-9001-exec-9] DEBUG o.s.w.f.CommonsRequestLoggingFilter - After request [uri=/api/webjars/springfox-swagger-ui/fonts/titillium-web-v6-latin-700.woff2;client=0:0:0:0:0:0:0:1] 
12:10:18.170 [http-nio-9001-exec-1] DEBUG o.s.w.f.CommonsRequestLoggingFilter - After request [uri=/api/v2/api-docs;client=0:0:0:0:0:0:0:1] 
12:10:18.318 [http-nio-9001-exec-7] WARN  c.hotelMS.security.JwtRequestFilter - JWT Token does not begin with Bearer String 
12:10:18.319 [http-nio-9001-exec-7] DEBUG o.s.w.f.CommonsRequestLoggingFilter - Before request [uri=/api/webjars/springfox-swagger-ui/fonts/source-code-pro-v7-latin-300.woff2;client=0:0:0:0:0:0:0:1] 
12:10:18.320 [http-nio-9001-exec-8] WARN  c.hotelMS.security.JwtRequestFilter - JWT Token does not begin with Bearer String 
12:10:18.321 [http-nio-9001-exec-8] DEBUG o.s.w.f.CommonsRequestLoggingFilter - Before request [uri=/api/webjars/springfox-swagger-ui/fonts/open-sans-v15-latin-regular.woff2;client=0:0:0:0:0:0:0:1] 
12:10:18.324 [http-nio-9001-exec-7] DEBUG o.s.w.f.CommonsRequestLoggingFilter - After request [uri=/api/webjars/springfox-swagger-ui/fonts/source-code-pro-v7-latin-300.woff2;client=0:0:0:0:0:0:0:1] 
12:10:18.325 [http-nio-9001-exec-8] DEBUG o.s.w.f.CommonsRequestLoggingFilter - After request [uri=/api/webjars/springfox-swagger-ui/fonts/open-sans-v15-latin-regular.woff2;client=0:0:0:0:0:0:0:1] 
12:10:19.625 [http-nio-9001-exec-10] WARN  c.hotelMS.security.JwtRequestFilter - JWT Token does not begin with Bearer String 
12:10:19.626 [http-nio-9001-exec-10] DEBUG o.s.w.f.CommonsRequestLoggingFilter - Before request [uri=/api/webjars/springfox-swagger-ui/fonts/source-code-pro-v7-latin-600.woff2;client=0:0:0:0:0:0:0:1] 
12:10:19.631 [http-nio-9001-exec-10] DEBUG o.s.w.f.CommonsRequestLoggingFilter - After request [uri=/api/webjars/springfox-swagger-ui/fonts/source-code-pro-v7-latin-600.woff2;client=0:0:0:0:0:0:0:1] 
12:10:23.923 [http-nio-9001-exec-2] WARN  c.hotelMS.security.JwtRequestFilter - JWT Token does not begin with Bearer String 
12:10:23.924 [http-nio-9001-exec-2] DEBUG o.s.w.f.CommonsRequestLoggingFilter - Before request [uri=/api/webjars/springfox-swagger-ui/fonts/titillium-web-v6-latin-regular.woff2;client=0:0:0:0:0:0:0:1] 
12:10:23.927 [http-nio-9001-exec-2] DEBUG o.s.w.f.CommonsRequestLoggingFilter - After request [uri=/api/webjars/springfox-swagger-ui/fonts/titillium-web-v6-latin-regular.woff2;client=0:0:0:0:0:0:0:1] 
12:10:33.882 [Thread-5] INFO  o.s.s.c.ThreadPoolTaskExecutor - Shutting down ExecutorService 'applicationTaskExecutor' 
12:10:33.888 [Thread-5] INFO  o.s.o.j.LocalContainerEntityManagerFactoryBean - Closing JPA EntityManagerFactory for persistence unit 'default' 
12:10:33.890 [Thread-5] INFO  com.zaxxer.hikari.HikariDataSource - HikariPool-1 - Shutdown initiated... 
12:10:33.892 [Thread-5] INFO  com.zaxxer.hikari.HikariDataSource - HikariPool-1 - Shutdown completed. 
12:10:37.582 [main] INFO  o.s.c.s.PostProcessorRegistrationDelegate$BeanPostProcessorChecker - Bean 'org.springframework.cloud.autoconfigure.ConfigurationPropertiesRebinderAutoConfiguration' of type [org.springframework.cloud.autoconfigure.ConfigurationPropertiesRebinderAutoConfiguration$$EnhancerBySpringCGLIB$$6ae31a2e] is not eligible for getting processed by all BeanPostProcessors (for example: not eligible for auto-proxying) 
12:10:38.692 [main] INFO  com.hotelMS.HotelMSApplication - The following profiles are active: dev 
12:10:39.192 [main] INFO  o.s.d.r.c.RepositoryConfigurationDelegate - Bootstrapping Spring Data repositories in DEFAULT mode. 
12:10:39.239 [main] INFO  o.s.d.r.c.RepositoryConfigurationDelegate - Finished Spring Data repository scanning in 44ms. Found 5 repository interfaces. 
12:10:39.372 [main] INFO  o.s.c.context.scope.GenericScope - BeanFactory id=ae3d95ee-d094-3028-91ff-536aca2f6150 
12:10:39.435 [main] INFO  o.s.c.s.PostProcessorRegistrationDelegate$BeanPostProcessorChecker - Bean 'org.springframework.transaction.annotation.ProxyTransactionManagementConfiguration' of type [org.springframework.transaction.annotation.ProxyTransactionManagementConfiguration$$EnhancerBySpringCGLIB$$4ec91731] is not eligible for getting processed by all BeanPostProcessors (for example: not eligible for auto-proxying) 
12:10:39.454 [main] INFO  o.s.c.s.PostProcessorRegistrationDelegate$BeanPostProcessorChecker - Bean 'org.springframework.security.config.annotation.configuration.ObjectPostProcessorConfiguration' of type [org.springframework.security.config.annotation.configuration.ObjectPostProcessorConfiguration$$EnhancerBySpringCGLIB$$e776df6b] is not eligible for getting processed by all BeanPostProcessors (for example: not eligible for auto-proxying) 
12:10:39.459 [main] INFO  o.s.c.s.PostProcessorRegistrationDelegate$BeanPostProcessorChecker - Bean 'objectPostProcessor' of type [org.springframework.security.config.annotation.configuration.AutowireBeanFactoryObjectPostProcessor] is not eligible for getting processed by all BeanPostProcessors (for example: not eligible for auto-proxying) 
12:10:39.460 [main] INFO  o.s.c.s.PostProcessorRegistrationDelegate$BeanPostProcessorChecker - Bean 'org.springframework.security.access.expression.method.DefaultMethodSecurityExpressionHandler@1af4955e' of type [org.springframework.security.access.expression.method.DefaultMethodSecurityExpressionHandler] is not eligible for getting processed by all BeanPostProcessors (for example: not eligible for auto-proxying) 
12:10:39.462 [main] INFO  o.s.c.s.PostProcessorRegistrationDelegate$BeanPostProcessorChecker - Bean 'org.springframework.security.config.annotation.method.configuration.GlobalMethodSecurityConfiguration' of type [org.springframework.security.config.annotation.method.configuration.GlobalMethodSecurityConfiguration$$EnhancerBySpringCGLIB$$c4b821d] is not eligible for getting processed by all BeanPostProcessors (for example: not eligible for auto-proxying) 
12:10:39.464 [main] INFO  o.s.c.s.PostProcessorRegistrationDelegate$BeanPostProcessorChecker - Bean 'methodSecurityMetadataSource' of type [org.springframework.security.access.method.DelegatingMethodSecurityMetadataSource] is not eligible for getting processed by all BeanPostProcessors (for example: not eligible for auto-proxying) 
12:10:39.474 [main] INFO  o.s.c.s.PostProcessorRegistrationDelegate$BeanPostProcessorChecker - Bean 'org.springframework.cloud.autoconfigure.ConfigurationPropertiesRebinderAutoConfiguration' of type [org.springframework.cloud.autoconfigure.ConfigurationPropertiesRebinderAutoConfiguration$$EnhancerBySpringCGLIB$$6ae31a2e] is not eligible for getting processed by all BeanPostProcessors (for example: not eligible for auto-proxying) 
12:10:39.665 [main] INFO  o.s.b.w.e.tomcat.TomcatWebServer - Tomcat initialized with port(s): 9001 (http) 
12:10:39.679 [main] INFO  o.a.catalina.core.StandardService - Starting service [Tomcat] 
12:10:39.680 [main] INFO  o.a.catalina.core.StandardEngine - Starting Servlet engine: [Apache Tomcat/9.0.14] 
12:10:39.684 [main] INFO  o.a.c.core.AprLifecycleListener - The APR based Apache Tomcat Native library which allows optimal performance in production environments was not found on the java.library.path: [/usr/java/packages/lib:/usr/lib64:/lib64:/lib:/usr/lib] 
12:10:39.763 [main] INFO  o.a.c.c.C.[.[localhost].[/api] - Initializing Spring embedded WebApplicationContext 
12:10:39.909 [main] INFO  com.zaxxer.hikari.HikariDataSource - HikariPool-1 - Starting... 
12:10:39.974 [main] INFO  com.zaxxer.hikari.HikariDataSource - HikariPool-1 - Start completed. 
12:10:40.004 [main] INFO  o.h.jpa.internal.util.LogHelper - HHH000204: Processing PersistenceUnitInfo [
	name: default
	...] 
12:10:40.051 [main] INFO  org.hibernate.Version - HHH000412: Hibernate Core {5.3.7.Final} 
12:10:40.052 [main] INFO  org.hibernate.cfg.Environment - HHH000206: hibernate.properties not found 
12:10:40.122 [main] INFO  o.h.annotations.common.Version - HCANN000001: Hibernate Commons Annotations {5.0.4.Final} 
12:10:40.216 [main] INFO  org.hibernate.dialect.Dialect - HHH000400: Using dialect: org.hibernate.dialect.MySQL5Dialect 
12:10:41.062 [main] INFO  o.s.o.j.LocalContainerEntityManagerFactoryBean - Initialized JPA EntityManagerFactory for persistence unit 'default' 
12:10:41.264 [main] INFO  o.h.h.i.QueryTranslatorFactoryInitiator - HHH000397: Using ASTQueryTranslatorFactory 
12:10:41.479 [main] DEBUG o.s.w.f.CommonsRequestLoggingFilter - Filter 'requestLoggingFilter' configured for use 
12:10:41.708 [main] WARN  o.s.b.a.o.j.JpaBaseConfiguration$JpaWebConfiguration$JpaWebMvcConfiguration - spring.jpa.open-in-view is enabled by default. Therefore, database queries may be performed during view rendering. Explicitly configure spring.jpa.open-in-view to disable this warning 
12:10:41.799 [main] INFO  s.d.s.w.PropertySourcedRequestMappingHandlerMapping - Mapped URL path [/v2/api-docs] onto method [public org.springframework.http.ResponseEntity<springfox.documentation.spring.web.json.Json> springfox.documentation.swagger2.web.Swagger2Controller.getDocumentation(java.lang.String,javax.servlet.http.HttpServletRequest)] 
12:10:41.883 [main] INFO  o.s.s.w.DefaultSecurityFilterChain - Creating filter chain: any request, [org.springframework.security.web.context.request.async.WebAsyncManagerIntegrationFilter@18b88f7, org.springframework.security.web.context.SecurityContextPersistenceFilter@6e6ec71f, org.springframework.security.web.header.HeaderWriterFilter@7baea18b, org.springframework.web.filter.CorsFilter@128ebca1, org.springframework.security.web.authentication.logout.LogoutFilter@33315925, com.hotelMS.security.JwtRequestFilter@24fb8317, org.springframework.security.web.savedrequest.RequestCacheAwareFilter@2a23c061, org.springframework.security.web.servletapi.SecurityContextHolderAwareRequestFilter@25639668, org.springframework.security.web.authentication.AnonymousAuthenticationFilter@34128fed, org.springframework.security.web.session.SessionManagementFilter@3941bdd7, org.springframework.security.web.access.ExceptionTranslationFilter@14cc1f5c, org.springframework.security.web.access.intercept.FilterSecurityInterceptor@1b18fa79] 
12:10:41.914 [main] WARN  c.n.c.s.URLConfigurationSource - No URLs will be polled as dynamic configuration sources. 
12:10:41.914 [main] INFO  c.n.c.s.URLConfigurationSource - To enable URLs as dynamic configuration sources, define System property archaius.configurationSource.additionalUrls or make config.properties available on classpath. 
12:10:41.917 [main] WARN  c.n.c.s.URLConfigurationSource - No URLs will be polled as dynamic configuration sources. 
12:10:41.917 [main] INFO  c.n.c.s.URLConfigurationSource - To enable URLs as dynamic configuration sources, define System property archaius.configurationSource.additionalUrls or make config.properties available on classpath. 
12:10:42.032 [main] INFO  o.s.s.c.ThreadPoolTaskExecutor - Initializing ExecutorService 'applicationTaskExecutor' 
12:10:42.257 [main] INFO  s.d.s.w.p.DocumentationPluginsBootstrapper - Context refreshed 
12:10:42.265 [main] INFO  s.d.s.w.p.DocumentationPluginsBootstrapper - Found 1 custom documentation plugin(s) 
12:10:42.279 [main] INFO  s.d.s.w.s.ApiListingReferenceScanner - Scanning for api listing references 
12:10:42.404 [main] INFO  s.d.s.w.r.o.CachingOperationNameGenerator - Generating unique operation named: saveUsingPOST_1 
12:10:42.408 [main] INFO  s.d.s.w.r.o.CachingOperationNameGenerator - Generating unique operation named: saveUsingPOST_2 
12:10:42.442 [main] INFO  o.s.b.w.e.tomcat.TomcatWebServer - Tomcat started on port(s): 9001 (http) with context path '/api' 
12:10:42.443 [main] INFO  com.hotelMS.HotelMSApplication - Started HotelMSApplication in 6.257 seconds (JVM running for 6.746) 
15:07:49.381 [http-nio-9001-exec-1] INFO  o.a.c.c.C.[.[localhost].[/api] - Initializing Spring DispatcherServlet 'dispatcherServlet' 
15:07:49.399 [http-nio-9001-exec-1] WARN  c.hotelMS.security.JwtRequestFilter - JWT Token does not begin with Bearer String 
15:07:49.408 [http-nio-9001-exec-1] DEBUG o.s.w.f.CommonsRequestLoggingFilter - Before request [uri=/api/swagger-ui.html;client=0:0:0:0:0:0:0:1] 
15:07:49.428 [http-nio-9001-exec-1] DEBUG o.s.w.f.CommonsRequestLoggingFilter - After request [uri=/api/swagger-ui.html;client=0:0:0:0:0:0:0:1] 
15:07:49.444 [http-nio-9001-exec-2] WARN  c.hotelMS.security.JwtRequestFilter - JWT Token does not begin with Bearer String 
15:07:49.444 [http-nio-9001-exec-3] WARN  c.hotelMS.security.JwtRequestFilter - JWT Token does not begin with Bearer String 
15:07:49.445 [http-nio-9001-exec-3] DEBUG o.s.w.f.CommonsRequestLoggingFilter - Before request [uri=/api/webjars/springfox-swagger-ui/swagger-ui.css?v=2.9.2;client=0:0:0:0:0:0:0:1] 
15:07:49.445 [http-nio-9001-exec-2] DEBUG o.s.w.f.CommonsRequestLoggingFilter - Before request [uri=/api/webjars/springfox-swagger-ui/springfox.css?v=2.9.2;client=0:0:0:0:0:0:0:1] 
15:07:49.445 [http-nio-9001-exec-4] WARN  c.hotelMS.security.JwtRequestFilter - JWT Token does not begin with Bearer String 
15:07:49.446 [http-nio-9001-exec-4] DEBUG o.s.w.f.CommonsRequestLoggingFilter - Before request [uri=/api/webjars/springfox-swagger-ui/swagger-ui-bundle.js?v=2.9.2;client=0:0:0:0:0:0:0:1] 
15:07:49.446 [http-nio-9001-exec-5] WARN  c.hotelMS.security.JwtRequestFilter - JWT Token does not begin with Bearer String 
15:07:49.447 [http-nio-9001-exec-5] DEBUG o.s.w.f.CommonsRequestLoggingFilter - Before request [uri=/api/webjars/springfox-swagger-ui/swagger-ui-standalone-preset.js?v=2.9.2;client=0:0:0:0:0:0:0:1] 
15:07:49.451 [http-nio-9001-exec-6] WARN  c.hotelMS.security.JwtRequestFilter - JWT Token does not begin with Bearer String 
15:07:49.452 [http-nio-9001-exec-6] DEBUG o.s.w.f.CommonsRequestLoggingFilter - Before request [uri=/api/webjars/springfox-swagger-ui/springfox.js?v=2.9.2;client=0:0:0:0:0:0:0:1] 
15:07:49.452 [http-nio-9001-exec-2] DEBUG o.s.w.f.CommonsRequestLoggingFilter - After request [uri=/api/webjars/springfox-swagger-ui/springfox.css?v=2.9.2;client=0:0:0:0:0:0:0:1] 
15:07:49.455 [http-nio-9001-exec-3] DEBUG o.s.w.f.CommonsRequestLoggingFilter - After request [uri=/api/webjars/springfox-swagger-ui/swagger-ui.css?v=2.9.2;client=0:0:0:0:0:0:0:1] 
15:07:49.463 [http-nio-9001-exec-6] DEBUG o.s.w.f.CommonsRequestLoggingFilter - After request [uri=/api/webjars/springfox-swagger-ui/springfox.js?v=2.9.2;client=0:0:0:0:0:0:0:1] 
15:07:49.467 [http-nio-9001-exec-5] DEBUG o.s.w.f.CommonsRequestLoggingFilter - After request [uri=/api/webjars/springfox-swagger-ui/swagger-ui-standalone-preset.js?v=2.9.2;client=0:0:0:0:0:0:0:1] 
15:07:49.480 [http-nio-9001-exec-4] DEBUG o.s.w.f.CommonsRequestLoggingFilter - After request [uri=/api/webjars/springfox-swagger-ui/swagger-ui-bundle.js?v=2.9.2;client=0:0:0:0:0:0:0:1] 
15:07:49.715 [http-nio-9001-exec-7] WARN  c.hotelMS.security.JwtRequestFilter - JWT Token does not begin with Bearer String 
15:07:49.716 [http-nio-9001-exec-7] DEBUG o.s.w.f.CommonsRequestLoggingFilter - Before request [uri=/api/swagger-resources/configuration/ui;client=0:0:0:0:0:0:0:1] 
15:07:49.716 [http-nio-9001-exec-8] WARN  c.hotelMS.security.JwtRequestFilter - JWT Token does not begin with Bearer String 
15:07:49.716 [http-nio-9001-exec-8] DEBUG o.s.w.f.CommonsRequestLoggingFilter - Before request [uri=/api/webjars/springfox-swagger-ui/favicon-32x32.png?v=2.9.2;client=0:0:0:0:0:0:0:1] 
15:07:49.719 [http-nio-9001-exec-8] DEBUG o.s.w.f.CommonsRequestLoggingFilter - After request [uri=/api/webjars/springfox-swagger-ui/favicon-32x32.png?v=2.9.2;client=0:0:0:0:0:0:0:1] 
15:07:49.762 [http-nio-9001-exec-7] DEBUG o.s.w.f.CommonsRequestLoggingFilter - After request [uri=/api/swagger-resources/configuration/ui;client=0:0:0:0:0:0:0:1] 
15:07:49.767 [http-nio-9001-exec-9] WARN  c.hotelMS.security.JwtRequestFilter - JWT Token does not begin with Bearer String 
15:07:49.767 [http-nio-9001-exec-9] DEBUG o.s.w.f.CommonsRequestLoggingFilter - Before request [uri=/api/swagger-resources/configuration/security;client=0:0:0:0:0:0:0:1] 
15:07:49.773 [http-nio-9001-exec-9] DEBUG o.s.w.f.CommonsRequestLoggingFilter - After request [uri=/api/swagger-resources/configuration/security;client=0:0:0:0:0:0:0:1] 
15:07:49.778 [http-nio-9001-exec-10] WARN  c.hotelMS.security.JwtRequestFilter - JWT Token does not begin with Bearer String 
15:07:49.779 [http-nio-9001-exec-10] DEBUG o.s.w.f.CommonsRequestLoggingFilter - Before request [uri=/api/swagger-resources;client=0:0:0:0:0:0:0:1] 
15:07:49.785 [http-nio-9001-exec-10] DEBUG o.s.w.f.CommonsRequestLoggingFilter - After request [uri=/api/swagger-resources;client=0:0:0:0:0:0:0:1] 
15:07:49.829 [http-nio-9001-exec-1] WARN  c.hotelMS.security.JwtRequestFilter - JWT Token does not begin with Bearer String 
15:07:49.829 [http-nio-9001-exec-1] DEBUG o.s.w.f.CommonsRequestLoggingFilter - Before request [uri=/api/v2/api-docs;client=0:0:0:0:0:0:0:1] 
15:07:49.830 [http-nio-9001-exec-3] WARN  c.hotelMS.security.JwtRequestFilter - JWT Token does not begin with Bearer String 
15:07:49.843 [http-nio-9001-exec-2] WARN  c.hotelMS.security.JwtRequestFilter - JWT Token does not begin with Bearer String 
15:07:49.844 [http-nio-9001-exec-2] DEBUG o.s.w.f.CommonsRequestLoggingFilter - Before request [uri=/api/webjars/springfox-swagger-ui/fonts/titillium-web-v6-latin-700.woff2;client=0:0:0:0:0:0:0:1] 
15:07:49.849 [http-nio-9001-exec-2] DEBUG o.s.w.f.CommonsRequestLoggingFilter - After request [uri=/api/webjars/springfox-swagger-ui/fonts/titillium-web-v6-latin-700.woff2;client=0:0:0:0:0:0:0:1] 
15:07:49.869 [http-nio-9001-exec-6] WARN  c.hotelMS.security.JwtRequestFilter - JWT Token does not begin with Bearer String 
15:07:49.950 [http-nio-9001-exec-1] DEBUG o.s.w.f.CommonsRequestLoggingFilter - After request [uri=/api/v2/api-docs;client=0:0:0:0:0:0:0:1] 
15:07:50.092 [http-nio-9001-exec-5] WARN  c.hotelMS.security.JwtRequestFilter - JWT Token does not begin with Bearer String 
15:07:50.092 [http-nio-9001-exec-4] WARN  c.hotelMS.security.JwtRequestFilter - JWT Token does not begin with Bearer String 
15:07:50.092 [http-nio-9001-exec-5] DEBUG o.s.w.f.CommonsRequestLoggingFilter - Before request [uri=/api/webjars/springfox-swagger-ui/fonts/source-code-pro-v7-latin-300.woff2;client=0:0:0:0:0:0:0:1] 
15:07:50.092 [http-nio-9001-exec-4] DEBUG o.s.w.f.CommonsRequestLoggingFilter - Before request [uri=/api/webjars/springfox-swagger-ui/fonts/open-sans-v15-latin-regular.woff2;client=0:0:0:0:0:0:0:1] 
15:07:50.095 [http-nio-9001-exec-5] DEBUG o.s.w.f.CommonsRequestLoggingFilter - After request [uri=/api/webjars/springfox-swagger-ui/fonts/source-code-pro-v7-latin-300.woff2;client=0:0:0:0:0:0:0:1] 
15:07:50.096 [http-nio-9001-exec-4] DEBUG o.s.w.f.CommonsRequestLoggingFilter - After request [uri=/api/webjars/springfox-swagger-ui/fonts/open-sans-v15-latin-regular.woff2;client=0:0:0:0:0:0:0:1] 
15:07:51.476 [http-nio-9001-exec-8] WARN  c.hotelMS.security.JwtRequestFilter - JWT Token does not begin with Bearer String 
15:07:51.477 [http-nio-9001-exec-8] DEBUG o.s.w.f.CommonsRequestLoggingFilter - Before request [uri=/api/webjars/springfox-swagger-ui/fonts/source-code-pro-v7-latin-600.woff2;client=0:0:0:0:0:0:0:1] 
15:07:51.482 [http-nio-9001-exec-8] DEBUG o.s.w.f.CommonsRequestLoggingFilter - After request [uri=/api/webjars/springfox-swagger-ui/fonts/source-code-pro-v7-latin-600.woff2;client=0:0:0:0:0:0:0:1] 
15:07:51.619 [http-nio-9001-exec-7] WARN  c.hotelMS.security.JwtRequestFilter - JWT Token does not begin with Bearer String 
15:07:51.620 [http-nio-9001-exec-7] DEBUG o.s.w.f.CommonsRequestLoggingFilter - Before request [uri=/api/webjars/springfox-swagger-ui/fonts/titillium-web-v6-latin-regular.woff2;client=0:0:0:0:0:0:0:1] 
15:07:51.623 [http-nio-9001-exec-7] DEBUG o.s.w.f.CommonsRequestLoggingFilter - After request [uri=/api/webjars/springfox-swagger-ui/fonts/titillium-web-v6-latin-regular.woff2;client=0:0:0:0:0:0:0:1] 
15:09:05.665 [Thread-5] INFO  o.s.s.c.ThreadPoolTaskExecutor - Shutting down ExecutorService 'applicationTaskExecutor' 
15:09:05.671 [Thread-5] INFO  o.s.o.j.LocalContainerEntityManagerFactoryBean - Closing JPA EntityManagerFactory for persistence unit 'default' 
15:09:05.673 [Thread-5] INFO  com.zaxxer.hikari.HikariDataSource - HikariPool-1 - Shutdown initiated... 
15:09:05.675 [Thread-5] INFO  com.zaxxer.hikari.HikariDataSource - HikariPool-1 - Shutdown completed. 
15:09:07.690 [main] INFO  o.s.c.s.PostProcessorRegistrationDelegate$BeanPostProcessorChecker - Bean 'org.springframework.cloud.autoconfigure.ConfigurationPropertiesRebinderAutoConfiguration' of type [org.springframework.cloud.autoconfigure.ConfigurationPropertiesRebinderAutoConfiguration$$EnhancerBySpringCGLIB$$821e7c7a] is not eligible for getting processed by all BeanPostProcessors (for example: not eligible for auto-proxying) 
15:09:08.001 [main] INFO  com.hotelMS.HotelMSApplication - The following profiles are active: dev 
15:09:08.495 [main] INFO  o.s.d.r.c.RepositoryConfigurationDelegate - Bootstrapping Spring Data repositories in DEFAULT mode. 
15:09:08.542 [main] INFO  o.s.d.r.c.RepositoryConfigurationDelegate - Finished Spring Data repository scanning in 44ms. Found 5 repository interfaces. 
15:09:08.681 [main] INFO  o.s.c.context.scope.GenericScope - BeanFactory id=ae3d95ee-d094-3028-91ff-536aca2f6150 
15:09:08.749 [main] INFO  o.s.c.s.PostProcessorRegistrationDelegate$BeanPostProcessorChecker - Bean 'org.springframework.transaction.annotation.ProxyTransactionManagementConfiguration' of type [org.springframework.transaction.annotation.ProxyTransactionManagementConfiguration$$EnhancerBySpringCGLIB$$6604797d] is not eligible for getting processed by all BeanPostProcessors (for example: not eligible for auto-proxying) 
15:09:08.767 [main] INFO  o.s.c.s.PostProcessorRegistrationDelegate$BeanPostProcessorChecker - Bean 'org.springframework.security.config.annotation.configuration.ObjectPostProcessorConfiguration' of type [org.springframework.security.config.annotation.configuration.ObjectPostProcessorConfiguration$$EnhancerBySpringCGLIB$$feb241b7] is not eligible for getting processed by all BeanPostProcessors (for example: not eligible for auto-proxying) 
15:09:08.771 [main] INFO  o.s.c.s.PostProcessorRegistrationDelegate$BeanPostProcessorChecker - Bean 'objectPostProcessor' of type [org.springframework.security.config.annotation.configuration.AutowireBeanFactoryObjectPostProcessor] is not eligible for getting processed by all BeanPostProcessors (for example: not eligible for auto-proxying) 
15:09:08.772 [main] INFO  o.s.c.s.PostProcessorRegistrationDelegate$BeanPostProcessorChecker - Bean 'org.springframework.security.access.expression.method.DefaultMethodSecurityExpressionHandler@2efd2f21' of type [org.springframework.security.access.expression.method.DefaultMethodSecurityExpressionHandler] is not eligible for getting processed by all BeanPostProcessors (for example: not eligible for auto-proxying) 
15:09:08.775 [main] INFO  o.s.c.s.PostProcessorRegistrationDelegate$BeanPostProcessorChecker - Bean 'org.springframework.security.config.annotation.method.configuration.GlobalMethodSecurityConfiguration' of type [org.springframework.security.config.annotation.method.configuration.GlobalMethodSecurityConfiguration$$EnhancerBySpringCGLIB$$2386e469] is not eligible for getting processed by all BeanPostProcessors (for example: not eligible for auto-proxying) 
15:09:08.777 [main] INFO  o.s.c.s.PostProcessorRegistrationDelegate$BeanPostProcessorChecker - Bean 'methodSecurityMetadataSource' of type [org.springframework.security.access.method.DelegatingMethodSecurityMetadataSource] is not eligible for getting processed by all BeanPostProcessors (for example: not eligible for auto-proxying) 
15:09:08.787 [main] INFO  o.s.c.s.PostProcessorRegistrationDelegate$BeanPostProcessorChecker - Bean 'org.springframework.cloud.autoconfigure.ConfigurationPropertiesRebinderAutoConfiguration' of type [org.springframework.cloud.autoconfigure.ConfigurationPropertiesRebinderAutoConfiguration$$EnhancerBySpringCGLIB$$821e7c7a] is not eligible for getting processed by all BeanPostProcessors (for example: not eligible for auto-proxying) 
15:09:08.979 [main] INFO  o.s.b.w.e.tomcat.TomcatWebServer - Tomcat initialized with port(s): 9001 (http) 
15:09:08.994 [main] INFO  o.a.catalina.core.StandardService - Starting service [Tomcat] 
15:09:08.995 [main] INFO  o.a.catalina.core.StandardEngine - Starting Servlet engine: [Apache Tomcat/9.0.14] 
15:09:08.999 [main] INFO  o.a.c.core.AprLifecycleListener - The APR based Apache Tomcat Native library which allows optimal performance in production environments was not found on the java.library.path: [/usr/java/packages/lib:/usr/lib64:/lib64:/lib:/usr/lib] 
15:09:09.190 [main] INFO  o.a.c.c.C.[.[localhost].[/api] - Initializing Spring embedded WebApplicationContext 
15:09:09.341 [main] INFO  com.zaxxer.hikari.HikariDataSource - HikariPool-1 - Starting... 
15:09:09.400 [main] INFO  com.zaxxer.hikari.HikariDataSource - HikariPool-1 - Start completed. 
15:09:09.431 [main] INFO  o.h.jpa.internal.util.LogHelper - HHH000204: Processing PersistenceUnitInfo [
	name: default
	...] 
15:09:09.490 [main] INFO  org.hibernate.Version - HHH000412: Hibernate Core {5.3.7.Final} 
15:09:09.491 [main] INFO  org.hibernate.cfg.Environment - HHH000206: hibernate.properties not found 
15:09:09.554 [main] INFO  o.h.annotations.common.Version - HCANN000001: Hibernate Commons Annotations {5.0.4.Final} 
15:09:09.636 [main] INFO  org.hibernate.dialect.Dialect - HHH000400: Using dialect: org.hibernate.dialect.MySQL5Dialect 
15:09:10.253 [main] INFO  o.s.o.j.LocalContainerEntityManagerFactoryBean - Initialized JPA EntityManagerFactory for persistence unit 'default' 
15:09:10.451 [main] INFO  o.h.h.i.QueryTranslatorFactoryInitiator - HHH000397: Using ASTQueryTranslatorFactory 
15:09:10.658 [main] DEBUG o.s.w.f.CommonsRequestLoggingFilter - Filter 'requestLoggingFilter' configured for use 
15:09:10.907 [main] WARN  o.s.b.a.o.j.JpaBaseConfiguration$JpaWebConfiguration$JpaWebMvcConfiguration - spring.jpa.open-in-view is enabled by default. Therefore, database queries may be performed during view rendering. Explicitly configure spring.jpa.open-in-view to disable this warning 
15:09:11.000 [main] INFO  s.d.s.w.PropertySourcedRequestMappingHandlerMapping - Mapped URL path [/v2/api-docs] onto method [public org.springframework.http.ResponseEntity<springfox.documentation.spring.web.json.Json> springfox.documentation.swagger2.web.Swagger2Controller.getDocumentation(java.lang.String,javax.servlet.http.HttpServletRequest)] 
15:09:11.077 [main] INFO  o.s.s.w.DefaultSecurityFilterChain - Creating filter chain: any request, [org.springframework.security.web.context.request.async.WebAsyncManagerIntegrationFilter@3d3c14c3, org.springframework.security.web.context.SecurityContextPersistenceFilter@65528bcf, org.springframework.security.web.header.HeaderWriterFilter@589a82af, org.springframework.web.filter.CorsFilter@599fab92, org.springframework.security.web.authentication.logout.LogoutFilter@1737834, com.hotelMS.security.JwtRequestFilter@2932721e, org.springframework.security.web.savedrequest.RequestCacheAwareFilter@ee7a538, org.springframework.security.web.servletapi.SecurityContextHolderAwareRequestFilter@b21cbbf, org.springframework.security.web.authentication.AnonymousAuthenticationFilter@439054a7, org.springframework.security.web.session.SessionManagementFilter@698394bf, org.springframework.security.web.access.ExceptionTranslationFilter@3abd7b20, org.springframework.security.web.access.intercept.FilterSecurityInterceptor@59e67a18] 
15:09:11.107 [main] WARN  c.n.c.s.URLConfigurationSource - No URLs will be polled as dynamic configuration sources. 
15:09:11.107 [main] INFO  c.n.c.s.URLConfigurationSource - To enable URLs as dynamic configuration sources, define System property archaius.configurationSource.additionalUrls or make config.properties available on classpath. 
15:09:11.110 [main] WARN  c.n.c.s.URLConfigurationSource - No URLs will be polled as dynamic configuration sources. 
15:09:11.110 [main] INFO  c.n.c.s.URLConfigurationSource - To enable URLs as dynamic configuration sources, define System property archaius.configurationSource.additionalUrls or make config.properties available on classpath. 
15:09:11.246 [main] INFO  o.s.s.c.ThreadPoolTaskExecutor - Initializing ExecutorService 'applicationTaskExecutor' 
15:09:11.506 [main] INFO  s.d.s.w.p.DocumentationPluginsBootstrapper - Context refreshed 
15:09:11.514 [main] INFO  s.d.s.w.p.DocumentationPluginsBootstrapper - Found 1 custom documentation plugin(s) 
15:09:11.528 [main] INFO  s.d.s.w.s.ApiListingReferenceScanner - Scanning for api listing references 
15:09:11.664 [main] INFO  s.d.s.w.r.o.CachingOperationNameGenerator - Generating unique operation named: saveUsingPOST_1 
15:09:11.668 [main] INFO  s.d.s.w.r.o.CachingOperationNameGenerator - Generating unique operation named: saveUsingPOST_2 
15:09:11.704 [main] INFO  o.s.b.w.e.tomcat.TomcatWebServer - Tomcat started on port(s): 9001 (http) with context path '/api' 
15:09:11.706 [main] INFO  com.hotelMS.HotelMSApplication - Started HotelMSApplication in 5.024 seconds (JVM running for 5.521) 
15:09:19.112 [http-nio-9001-exec-1] INFO  o.a.c.c.C.[.[localhost].[/api] - Initializing Spring DispatcherServlet 'dispatcherServlet' 
15:09:19.134 [http-nio-9001-exec-1] WARN  c.hotelMS.security.JwtRequestFilter - JWT Token does not begin with Bearer String 
15:09:19.143 [http-nio-9001-exec-1] DEBUG o.s.w.f.CommonsRequestLoggingFilter - Before request [uri=/api/swagger-ui.html;client=0:0:0:0:0:0:0:1] 
15:09:19.167 [http-nio-9001-exec-1] DEBUG o.s.w.f.CommonsRequestLoggingFilter - After request [uri=/api/swagger-ui.html;client=0:0:0:0:0:0:0:1] 
15:09:19.199 [http-nio-9001-exec-2] WARN  c.hotelMS.security.JwtRequestFilter - JWT Token does not begin with Bearer String 
15:09:19.199 [http-nio-9001-exec-2] DEBUG o.s.w.f.CommonsRequestLoggingFilter - Before request [uri=/api/webjars/springfox-swagger-ui/springfox.css?v=2.9.2;client=0:0:0:0:0:0:0:1] 
15:09:19.202 [http-nio-9001-exec-3] WARN  c.hotelMS.security.JwtRequestFilter - JWT Token does not begin with Bearer String 
15:09:19.203 [http-nio-9001-exec-3] DEBUG o.s.w.f.CommonsRequestLoggingFilter - Before request [uri=/api/webjars/springfox-swagger-ui/swagger-ui-bundle.js?v=2.9.2;client=0:0:0:0:0:0:0:1] 
15:09:19.204 [http-nio-9001-exec-4] WARN  c.hotelMS.security.JwtRequestFilter - JWT Token does not begin with Bearer String 
15:09:19.204 [http-nio-9001-exec-4] DEBUG o.s.w.f.CommonsRequestLoggingFilter - Before request [uri=/api/webjars/springfox-swagger-ui/springfox.js?v=2.9.2;client=0:0:0:0:0:0:0:1] 
15:09:19.205 [http-nio-9001-exec-2] DEBUG o.s.w.f.CommonsRequestLoggingFilter - After request [uri=/api/webjars/springfox-swagger-ui/springfox.css?v=2.9.2;client=0:0:0:0:0:0:0:1] 
15:09:19.208 [http-nio-9001-exec-5] WARN  c.hotelMS.security.JwtRequestFilter - JWT Token does not begin with Bearer String 
15:09:19.209 [http-nio-9001-exec-6] WARN  c.hotelMS.security.JwtRequestFilter - JWT Token does not begin with Bearer String 
15:09:19.209 [http-nio-9001-exec-5] DEBUG o.s.w.f.CommonsRequestLoggingFilter - Before request [uri=/api/webjars/springfox-swagger-ui/swagger-ui.css?v=2.9.2;client=0:0:0:0:0:0:0:1] 
15:09:19.209 [http-nio-9001-exec-6] DEBUG o.s.w.f.CommonsRequestLoggingFilter - Before request [uri=/api/webjars/springfox-swagger-ui/swagger-ui-standalone-preset.js?v=2.9.2;client=0:0:0:0:0:0:0:1] 
15:09:19.212 [http-nio-9001-exec-4] DEBUG o.s.w.f.CommonsRequestLoggingFilter - After request [uri=/api/webjars/springfox-swagger-ui/springfox.js?v=2.9.2;client=0:0:0:0:0:0:0:1] 
15:09:19.217 [http-nio-9001-exec-5] DEBUG o.s.w.f.CommonsRequestLoggingFilter - After request [uri=/api/webjars/springfox-swagger-ui/swagger-ui.css?v=2.9.2;client=0:0:0:0:0:0:0:1] 
15:09:19.240 [http-nio-9001-exec-6] DEBUG o.s.w.f.CommonsRequestLoggingFilter - After request [uri=/api/webjars/springfox-swagger-ui/swagger-ui-standalone-preset.js?v=2.9.2;client=0:0:0:0:0:0:0:1] 
15:09:19.242 [http-nio-9001-exec-3] DEBUG o.s.w.f.CommonsRequestLoggingFilter - After request [uri=/api/webjars/springfox-swagger-ui/swagger-ui-bundle.js?v=2.9.2;client=0:0:0:0:0:0:0:1] 
15:09:19.507 [http-nio-9001-exec-7] WARN  c.hotelMS.security.JwtRequestFilter - JWT Token does not begin with Bearer String 
15:09:19.507 [http-nio-9001-exec-7] DEBUG o.s.w.f.CommonsRequestLoggingFilter - Before request [uri=/api/swagger-resources/configuration/ui;client=0:0:0:0:0:0:0:1] 
15:09:19.508 [http-nio-9001-exec-8] WARN  c.hotelMS.security.JwtRequestFilter - JWT Token does not begin with Bearer String 
15:09:19.508 [http-nio-9001-exec-8] DEBUG o.s.w.f.CommonsRequestLoggingFilter - Before request [uri=/api/webjars/springfox-swagger-ui/favicon-32x32.png?v=2.9.2;client=0:0:0:0:0:0:0:1] 
15:09:19.513 [http-nio-9001-exec-8] DEBUG o.s.w.f.CommonsRequestLoggingFilter - After request [uri=/api/webjars/springfox-swagger-ui/favicon-32x32.png?v=2.9.2;client=0:0:0:0:0:0:0:1] 
15:09:19.567 [http-nio-9001-exec-7] DEBUG o.s.w.f.CommonsRequestLoggingFilter - After request [uri=/api/swagger-resources/configuration/ui;client=0:0:0:0:0:0:0:1] 
15:09:19.573 [http-nio-9001-exec-9] WARN  c.hotelMS.security.JwtRequestFilter - JWT Token does not begin with Bearer String 
15:09:19.574 [http-nio-9001-exec-9] DEBUG o.s.w.f.CommonsRequestLoggingFilter - Before request [uri=/api/swagger-resources/configuration/security;client=0:0:0:0:0:0:0:1] 
15:09:19.579 [http-nio-9001-exec-9] DEBUG o.s.w.f.CommonsRequestLoggingFilter - After request [uri=/api/swagger-resources/configuration/security;client=0:0:0:0:0:0:0:1] 
15:09:19.584 [http-nio-9001-exec-10] WARN  c.hotelMS.security.JwtRequestFilter - JWT Token does not begin with Bearer String 
15:09:19.584 [http-nio-9001-exec-10] DEBUG o.s.w.f.CommonsRequestLoggingFilter - Before request [uri=/api/swagger-resources;client=0:0:0:0:0:0:0:1] 
15:09:19.590 [http-nio-9001-exec-10] DEBUG o.s.w.f.CommonsRequestLoggingFilter - After request [uri=/api/swagger-resources;client=0:0:0:0:0:0:0:1] 
15:09:19.635 [http-nio-9001-exec-1] WARN  c.hotelMS.security.JwtRequestFilter - JWT Token does not begin with Bearer String 
15:09:19.635 [http-nio-9001-exec-2] WARN  c.hotelMS.security.JwtRequestFilter - JWT Token does not begin with Bearer String 
15:09:19.636 [http-nio-9001-exec-1] DEBUG o.s.w.f.CommonsRequestLoggingFilter - Before request [uri=/api/v2/api-docs;client=0:0:0:0:0:0:0:1] 
15:09:19.650 [http-nio-9001-exec-4] WARN  c.hotelMS.security.JwtRequestFilter - JWT Token does not begin with Bearer String 
15:09:19.651 [http-nio-9001-exec-4] DEBUG o.s.w.f.CommonsRequestLoggingFilter - Before request [uri=/api/webjars/springfox-swagger-ui/fonts/titillium-web-v6-latin-700.woff2;client=0:0:0:0:0:0:0:1] 
15:09:19.656 [http-nio-9001-exec-4] DEBUG o.s.w.f.CommonsRequestLoggingFilter - After request [uri=/api/webjars/springfox-swagger-ui/fonts/titillium-web-v6-latin-700.woff2;client=0:0:0:0:0:0:0:1] 
15:09:19.667 [http-nio-9001-exec-5] WARN  c.hotelMS.security.JwtRequestFilter - JWT Token does not begin with Bearer String 
15:09:19.757 [http-nio-9001-exec-1] DEBUG o.s.w.f.CommonsRequestLoggingFilter - After request [uri=/api/v2/api-docs;client=0:0:0:0:0:0:0:1] 
15:09:19.934 [http-nio-9001-exec-3] WARN  c.hotelMS.security.JwtRequestFilter - JWT Token does not begin with Bearer String 
15:09:19.934 [http-nio-9001-exec-6] WARN  c.hotelMS.security.JwtRequestFilter - JWT Token does not begin with Bearer String 
15:09:19.936 [http-nio-9001-exec-3] DEBUG o.s.w.f.CommonsRequestLoggingFilter - Before request [uri=/api/webjars/springfox-swagger-ui/fonts/open-sans-v15-latin-regular.woff2;client=0:0:0:0:0:0:0:1] 
15:09:19.936 [http-nio-9001-exec-8] WARN  c.hotelMS.security.JwtRequestFilter - JWT Token does not begin with Bearer String 
15:09:19.937 [http-nio-9001-exec-8] DEBUG o.s.w.f.CommonsRequestLoggingFilter - Before request [uri=/api/webjars/springfox-swagger-ui/fonts/source-code-pro-v7-latin-600.woff2;client=0:0:0:0:0:0:0:1] 
15:09:19.939 [http-nio-9001-exec-6] DEBUG o.s.w.f.CommonsRequestLoggingFilter - Before request [uri=/api/webjars/springfox-swagger-ui/fonts/source-code-pro-v7-latin-300.woff2;client=0:0:0:0:0:0:0:1] 
15:09:19.942 [http-nio-9001-exec-8] DEBUG o.s.w.f.CommonsRequestLoggingFilter - After request [uri=/api/webjars/springfox-swagger-ui/fonts/source-code-pro-v7-latin-600.woff2;client=0:0:0:0:0:0:0:1] 
15:09:19.942 [http-nio-9001-exec-6] DEBUG o.s.w.f.CommonsRequestLoggingFilter - After request [uri=/api/webjars/springfox-swagger-ui/fonts/source-code-pro-v7-latin-300.woff2;client=0:0:0:0:0:0:0:1] 
15:09:19.945 [http-nio-9001-exec-3] DEBUG o.s.w.f.CommonsRequestLoggingFilter - After request [uri=/api/webjars/springfox-swagger-ui/fonts/open-sans-v15-latin-regular.woff2;client=0:0:0:0:0:0:0:1] 
15:09:25.879 [http-nio-9001-exec-7] WARN  c.hotelMS.security.JwtRequestFilter - JWT Token does not begin with Bearer String 
15:09:25.879 [http-nio-9001-exec-7] DEBUG o.s.w.f.CommonsRequestLoggingFilter - Before request [uri=/api/webjars/springfox-swagger-ui/fonts/titillium-web-v6-latin-regular.woff2;client=0:0:0:0:0:0:0:1] 
15:09:25.883 [http-nio-9001-exec-7] DEBUG o.s.w.f.CommonsRequestLoggingFilter - After request [uri=/api/webjars/springfox-swagger-ui/fonts/titillium-web-v6-latin-regular.woff2;client=0:0:0:0:0:0:0:1] 
